# JRE version: OpenJDK Runtime Environment Temurin-11.0.18+10 (11.0.18+10) (build 11.0.18+10)
# Java VM: OpenJDK 64-Bit Server VM Temurin-11.0.18+10 (11.0.18+10, mixed mode, tiered, compressed oops, g1 gc, windows-amd64)
Heap:
 garbage-first heap   total 858112K, used 704226K [0x0000000600a00000, 0x0000000800000000)
  region size 2048K, 84 young (172032K), 7 survivors (14336K)
 Metaspace       used 59786K, capacity 62357K, committed 62720K, reserved 1105920K
  class space    used 5915K, capacity 7055K, committed 7168K, reserved 1048576K
GC Heap History (20 events):
Event: 936.311 GC heap before
{Heap before GC invocations=80 (full 4):
 garbage-first heap   total 858112K, used 750963K [0x0000000600a00000, 0x0000000800000000)
  region size 2048K, 109 young (223232K), 5 survivors (10240K)
 Metaspace       used 59601K, capacity 62216K, committed 62464K, reserved 1103872K
  class space    used 5903K, capacity 7055K, committed 7168K, reserved 1048576K
}
Event: 936.313 GC heap after
{Heap after GC invocations=81 (full 4):
 garbage-first heap   total 858112K, used 537869K [0x0000000600a00000, 0x0000000800000000)
  region size 2048K, 5 young (10240K), 5 survivors (10240K)
 Metaspace       used 59601K, capacity 62216K, committed 62464K, reserved 1103872K
  class space    used 5903K, capacity 7055K, committed 7168K, reserved 1048576K
}
Event: 982.216 GC heap before
{Heap before GC invocations=81 (full 4):
 garbage-first heap   total 858112K, used 750861K [0x0000000600a00000, 0x0000000800000000)
  region size 2048K, 109 young (223232K), 5 survivors (10240K)
 Metaspace       used 59615K, capacity 62216K, committed 62464K, reserved 1103872K
  class space    used 5903K, capacity 7055K, committed 7168K, reserved 1048576K
}
Event: 982.219 GC heap after
{Heap after GC invocations=82 (full 4):
 garbage-first heap   total 858112K, used 537930K [0x0000000600a00000, 0x0000000800000000)
  region size 2048K, 5 young (10240K), 5 survivors (10240K)
 Metaspace       used 59615K, capacity 62216K, committed 62464K, reserved 1103872K
  class space    used 5903K, capacity 7055K, committed 7168K, reserved 1048576K
}
Event: 1040.128 GC heap before
{Heap before GC invocations=83 (full 4):
 garbage-first heap   total 858112K, used 752970K [0x0000000600a00000, 0x0000000800000000)
  region size 2048K, 110 young (225280K), 5 survivors (10240K)
 Metaspace       used 59649K, capacity 62225K, committed 62464K, reserved 1103872K
  class space    used 5904K, capacity 7055K, committed 7168K, reserved 1048576K
}
Event: 1040.131 GC heap after
{Heap after GC invocations=84 (full 4):
 garbage-first heap   total 858112K, used 539840K [0x0000000600a00000, 0x0000000800000000)
  region size 2048K, 6 young (12288K), 6 survivors (12288K)
 Metaspace       used 59649K, capacity 62225K, committed 62464K, reserved 1103872K
  class space    used 5904K, capacity 7055K, committed 7168K, reserved 1048576K
}
Event: 1076.812 GC heap before
{Heap before GC invocations=84 (full 4):
 garbage-first heap   total 858112K, used 750784K [0x0000000600a00000, 0x0000000800000000)
  region size 2048K, 109 young (223232K), 6 survivors (12288K)
 Metaspace       used 59665K, capacity 62229K, committed 62464K, reserved 1103872K
  class space    used 5904K, capacity 7055K, committed 7168K, reserved 1048576K
}
Event: 1076.815 GC heap after
{Heap after GC invocations=85 (full 4):
 garbage-first heap   total 858112K, used 540145K [0x0000000600a00000, 0x0000000800000000)
  region size 2048K, 5 young (10240K), 5 survivors (10240K)
 Metaspace       used 59665K, capacity 62229K, committed 62464K, reserved 1103872K
  class space    used 5904K, capacity 7055K, committed 7168K, reserved 1048576K
}
Event: 1148.114 GC heap before
{Heap before GC invocations=86 (full 4):
 garbage-first heap   total 858112K, used 753137K [0x0000000600a00000, 0x0000000800000000)
  region size 2048K, 109 young (223232K), 5 survivors (10240K)
 Metaspace       used 59681K, capacity 62229K, committed 62464K, reserved 1103872K
  class space    used 5904K, capacity 7055K, committed 7168K, reserved 1048576K
}
Event: 1148.117 GC heap after
{Heap after GC invocations=87 (full 4):
 garbage-first heap   total 858112K, used 541705K [0x0000000600a00000, 0x0000000800000000)
  region size 2048K, 5 young (10240K), 5 survivors (10240K)
 Metaspace       used 59681K, capacity 62229K, committed 62464K, reserved 1103872K
  class space    used 5904K, capacity 7055K, committed 7168K, reserved 1048576K
}
Event: 1241.354 GC heap before
{Heap before GC invocations=87 (full 4):
 garbage-first heap   total 858112K, used 750601K [0x0000000600a00000, 0x0000000800000000)
  region size 2048K, 107 young (219136K), 5 survivors (10240K)
 Metaspace       used 59695K, capacity 62293K, committed 62464K, reserved 1103872K
  class space    used 5904K, capacity 7055K, committed 7168K, reserved 1048576K
}
Event: 1241.357 GC heap after
{Heap after GC invocations=88 (full 4):
 garbage-first heap   total 858112K, used 545291K [0x0000000600a00000, 0x0000000800000000)
  region size 2048K, 6 young (12288K), 6 survivors (12288K)
 Metaspace       used 59695K, capacity 62293K, committed 62464K, reserved 1103872K
  class space    used 5904K, capacity 7055K, committed 7168K, reserved 1048576K
}
Event: 1370.594 GC heap before
{Heap before GC invocations=89 (full 4):
 garbage-first heap   total 858112K, used 750091K [0x0000000600a00000, 0x0000000800000000)
  region size 2048K, 106 young (217088K), 6 survivors (12288K)
 Metaspace       used 59695K, capacity 62293K, committed 62464K, reserved 1103872K
  class space    used 5904K, capacity 7055K, committed 7168K, reserved 1048576K
}
Event: 1370.597 GC heap after
{Heap after GC invocations=90 (full 4):
 garbage-first heap   total 858112K, used 545987K [0x0000000600a00000, 0x0000000800000000)
  region size 2048K, 7 young (14336K), 7 survivors (14336K)
 Metaspace       used 59695K, capacity 62293K, committed 62464K, reserved 1103872K
  class space    used 5904K, capacity 7055K, committed 7168K, reserved 1048576K
}
Event: 1497.811 GC heap before
{Heap before GC invocations=90 (full 4):
 garbage-first heap   total 858112K, used 746691K [0x0000000600a00000, 0x0000000800000000)
  region size 2048K, 106 young (217088K), 7 survivors (14336K)
 Metaspace       used 59695K, capacity 62293K, committed 62464K, reserved 1103872K
  class space    used 5904K, capacity 7055K, committed 7168K, reserved 1048576K
}
Event: 1497.814 GC heap after
{Heap after GC invocations=91 (full 4):
 garbage-first heap   total 858112K, used 546208K [0x0000000600a00000, 0x0000000800000000)
  region size 2048K, 6 young (12288K), 6 survivors (12288K)
 Metaspace       used 59695K, capacity 62293K, committed 62464K, reserved 1103872K
  class space    used 5904K, capacity 7055K, committed 7168K, reserved 1048576K
}
Event: 1626.968 GC heap before
{Heap before GC invocations=92 (full 4):
 garbage-first heap   total 858112K, used 748960K [0x0000000600a00000, 0x0000000800000000)
  region size 2048K, 105 young (215040K), 6 survivors (12288K)
 Metaspace       used 59702K, capacity 62293K, committed 62464K, reserved 1103872K
  class space    used 5904K, capacity 7055K, committed 7168K, reserved 1048576K
}
Event: 1626.970 GC heap after
{Heap after GC invocations=93 (full 4):
 garbage-first heap   total 858112K, used 546508K [0x0000000600a00000, 0x0000000800000000)
  region size 2048K, 6 young (12288K), 6 survivors (12288K)
 Metaspace       used 59702K, capacity 62293K, committed 62464K, reserved 1103872K
  class space    used 5904K, capacity 7055K, committed 7168K, reserved 1048576K
}
Event: 1755.598 GC heap before
{Heap before GC invocations=93 (full 4):
 garbage-first heap   total 858112K, used 747212K [0x0000000600a00000, 0x0000000800000000)
  region size 2048K, 105 young (215040K), 6 survivors (12288K)
 Metaspace       used 59735K, capacity 62357K, committed 62720K, reserved 1105920K
  class space    used 5907K, capacity 7055K, committed 7168K, reserved 1048576K
}
Event: 1755.601 GC heap after
{Heap after GC invocations=94 (full 4):
 garbage-first heap   total 858112K, used 548578K [0x0000000600a00000, 0x0000000800000000)
  region size 2048K, 7 young (14336K), 7 survivors (14336K)
 Metaspace       used 59735K, capacity 62357K, committed 62720K, reserved 1105920K
  class space    used 5907K, capacity 7055K, committed 7168K, reserved 1048576K
}

